[debug] [2020-04-30T04:05:01.762Z] ----------------------------------------------------------------------
[debug] [2020-04-30T04:05:01.765Z] Command:       /usr/local/bin/node /usr/local/bin/firebase serve
[debug] [2020-04-30T04:05:01.765Z] CLI Version:   8.2.0
[debug] [2020-04-30T04:05:01.765Z] Platform:      darwin
[debug] [2020-04-30T04:05:01.766Z] Node Version:  v12.13.1
[debug] [2020-04-30T04:05:01.768Z] Time:          Thu Apr 30 2020 00:05:01 GMT-0400 (Eastern Daylight Time)
[debug] [2020-04-30T04:05:01.768Z] ----------------------------------------------------------------------
[debug] [2020-04-30T04:05:01.768Z] 
[debug] [2020-04-30T04:05:01.783Z] > command requires scopes: ["email","openid","https://www.googleapis.com/auth/cloudplatformprojects.readonly","https://www.googleapis.com/auth/firebase","https://www.googleapis.com/auth/cloud-platform"]
[debug] [2020-04-30T04:05:01.784Z] > authorizing via signed-in user
[debug] [2020-04-30T04:05:01.784Z] [iam] checking project skipteam-social-24fa5 for permissions ["firebase.projects.get"]
[debug] [2020-04-30T04:05:01.788Z] > refreshing access token with scopes: ["email","https://www.googleapis.com/auth/cloud-platform","https://www.googleapis.com/auth/cloudplatformprojects.readonly","https://www.googleapis.com/auth/firebase","openid"]
[debug] [2020-04-30T04:05:01.788Z] >>> HTTP REQUEST POST https://www.googleapis.com/oauth2/v3/token  
 <request body omitted>
[debug] [2020-04-30T04:05:01.912Z] <<< HTTP RESPONSE 200 {"content-type":"application/json; charset=utf-8","vary":"X-Origin, Referer, Origin,Accept-Encoding","date":"Thu, 30 Apr 2020 04:05:01 GMT","server":"scaffolding on HTTPServer2","cache-control":"private","x-xss-protection":"0","x-frame-options":"SAMEORIGIN","x-content-type-options":"nosniff","alt-svc":"h3-Q050=\":443\"; ma=2592000,h3-Q049=\":443\"; ma=2592000,h3-Q048=\":443\"; ma=2592000,h3-Q046=\":443\"; ma=2592000,h3-Q043=\":443\"; ma=2592000,quic=\":443\"; ma=2592000; v=\"46,43\"","accept-ranges":"none","transfer-encoding":"chunked"}
[debug] [2020-04-30T04:05:01.935Z] >>> HTTP REQUEST POST https://cloudresourcemanager.googleapis.com/v1/projects/skipteam-social-24fa5:testIamPermissions  
 {"permissions":["firebase.projects.get"]}
[debug] [2020-04-30T04:05:02.143Z] <<< HTTP RESPONSE 200 {"content-type":"application/json; charset=UTF-8","vary":"X-Origin, Referer, Origin,Accept-Encoding","date":"Thu, 30 Apr 2020 04:05:02 GMT","server":"ESF","cache-control":"private","x-xss-protection":"0","x-frame-options":"SAMEORIGIN","x-content-type-options":"nosniff","server-timing":"gfet4t7; dur=90","alt-svc":"h3-Q050=\":443\"; ma=2592000,h3-Q049=\":443\"; ma=2592000,h3-Q048=\":443\"; ma=2592000,h3-Q046=\":443\"; ma=2592000,h3-Q043=\":443\"; ma=2592000,h3-T050=\":443\"; ma=2592000,quic=\":443\"; ma=2592000; v=\"46,43\"","accept-ranges":"none","transfer-encoding":"chunked"}
[debug] [2020-04-30T04:05:02.145Z] >>> HTTP REQUEST GET https://firebase.googleapis.com/v1beta1/projects/skipteam-social-24fa5  
 
[debug] [2020-04-30T04:05:02.330Z] <<< HTTP RESPONSE 200 {"content-type":"application/json; charset=UTF-8","vary":"X-Origin, Referer, Origin,Accept-Encoding","date":"Thu, 30 Apr 2020 04:05:02 GMT","server":"ESF","cache-control":"private","x-xss-protection":"0","x-frame-options":"SAMEORIGIN","x-content-type-options":"nosniff","alt-svc":"quic=\":443\"; ma=2592000; v=\"46,43\",h3-Q050=\":443\"; ma=2592000,h3-Q049=\":443\"; ma=2592000,h3-Q048=\":443\"; ma=2592000,h3-Q046=\":443\"; ma=2592000,h3-Q043=\":443\"; ma=2592000,h3-T050=\":443\"; ma=2592000","accept-ranges":"none","transfer-encoding":"chunked"}
[info] 
[info] === Serving from '/Users/corymarshman/Desktop/SkipTeam_Social'...
[info] 
[warn] ⚠  Your requested "node" version "8" doesn't match your global version "12"
[info] ✔  functions: functions emulator started at http://localhost:5000
[info] i  functions: Watching "/Users/corymarshman/Desktop/SkipTeam_Social/functions" for Cloud Functions...
[debug] [2020-04-30T04:05:02.394Z] [worker-pool] addWorker(~diagnostic~) 
[debug] [2020-04-30T04:05:02.394Z] [worker-pool] Adding worker with key ~diagnostic~, total=1 
[debug] [2020-04-30T04:05:02.395Z] [worker-pool] submitWork(triggerId=) 
[debug] [2020-04-30T04:05:02.395Z] [worker-~diagnostic~-ccfbc446-7ac5-4f31-aabe-fa1f35fa310e]: Assigning socketPath: /var/folders/0f/xj4ghgbd4g31kx7rnd3cq9br0000gn/T/fire_emu_41735.sock 
[debug] [2020-04-30T04:05:02.396Z] [worker-~diagnostic~-ccfbc446-7ac5-4f31-aabe-fa1f35fa310e]: BUSY 
[debug] [2020-04-30T04:05:02.927Z] [runtime-status] [41735] Functions runtime initialized. {"cwd":"/Users/corymarshman/Desktop/SkipTeam_Social/functions","node_version":"12.13.1"} 
[debug] [2020-04-30T04:05:02.929Z] [runtime-status] [41735] Disabled runtime features: undefined 
[debug] [2020-04-30T04:05:02.934Z] [runtime-status] [41735] Resolved module firebase-admin {"declared":true,"installed":true,"version":"8.11.0","resolution":"/Users/corymarshman/Desktop/SkipTeam_Social/functions/node_modules/firebase-admin/lib/index.js"} 
[debug] [2020-04-30T04:05:02.936Z] [runtime-status] [41735] Resolved module firebase-functions {"declared":true,"installed":true,"version":"3.6.1","resolution":"/Users/corymarshman/Desktop/SkipTeam_Social/functions/node_modules/firebase-functions/lib/index.js"} 
[debug] [2020-04-30T04:05:02.939Z] [runtime-status] [41735] Outgoing network have been stubbed. [{"name":"http","status":"mocked"},{"name":"http","status":"mocked"},{"name":"https","status":"mocked"},{"name":"https","status":"mocked"},{"name":"net","status":"mocked"}] 
[debug] [2020-04-30T04:05:03.026Z] [runtime-status] [41735] Checked functions.config() {"config":{}} 
[debug] [2020-04-30T04:05:03.027Z] [runtime-status] [41735] Resolved module firebase-functions {"declared":true,"installed":true,"version":"3.6.1","resolution":"/Users/corymarshman/Desktop/SkipTeam_Social/functions/node_modules/firebase-functions/lib/index.js"} 
[debug] [2020-04-30T04:05:03.028Z] [runtime-status] [41735] Resolved module firebase-admin {"declared":true,"installed":true,"version":"8.11.0","resolution":"/Users/corymarshman/Desktop/SkipTeam_Social/functions/node_modules/firebase-admin/lib/index.js"} 
[debug] [2020-04-30T04:05:03.029Z] [runtime-status] [41735] Resolved module firebase-functions {"declared":true,"installed":true,"version":"3.6.1","resolution":"/Users/corymarshman/Desktop/SkipTeam_Social/functions/node_modules/firebase-functions/lib/index.js"} 
[debug] [2020-04-30T04:05:03.029Z] [runtime-status] [41735] firebase-admin has been stubbed. {"adminResolution":{"declared":true,"installed":true,"version":"8.11.0","resolution":"/Users/corymarshman/Desktop/SkipTeam_Social/functions/node_modules/firebase-admin/lib/index.js"}} 
[debug] [2020-04-30T04:05:03.335Z] [runtime-status] [41735] initializeApp(DEFAULT) {"databaseURL":"https://skipteam-social-24fa5.firebaseio.com","storageBucket":"skipteam-social-24fa5.appspot.com","projectId":"skipteam-social-24fa5","credential":{"implicit":false,"projectId":"skipteam-social-24fa5","privateKey":"-----BEGIN PRIVATE KEY-----\nMIIEvQIBADANBgkqhkiG9w0BAQEFAASCBKcwggSjAgEAAoIBAQCE8wMR/qjL3cOJ\nK2aVFkg2Y+m38/9c3o0Nys+PieevyoI53365OC8rLHWerM3gYAz7p1ZEARI6cz4d\nof9sklto2vDr97nUrHMl9Sr8DdzYPWyWNHP/7E/3mMmOUP/zRWEvZ3utTmUcMCzT\nY/I/xSKDpeJWhQG3UgAFsyrW85euxmK4bQ8hojROKIn4xSEsug9AqQvfXNTobQhr\nQdxEUVXruGqxtKquQZUh5R2smKZX/xUJ8qPHXDlXNMfsvLgDd4A68crxOa0G/fhI\ngRcQvASBnWHLVu2dqZ0ZQEx0MM1ODMxvIiy1NcRWmwcsdYImn/GLAgGrq5zAzNrb\nUb/gTvi3AgMBAAECggEAOl5IYEuaBtsHQD8WK+ka7goib5kHaVnpun7qbl3Aopx5\nXPgitiWVC9Lalr3OKy5wNMHMLVH9Ez1KLY9USPHegOPydt6NLvJBIY6H/x4E8cjR\n1gYUUW0J1K22+6zTGhZBKyM3GKi82knKPEp6bgXZ98tJ2etODBJLoTT+X12Vn+ym\nJhTOPf85BGG827YbABB+3azOz8m1fudAHb+QFW+EtzW/jNRpwW6JnGom1KHTzvmI\nrkk7st44lGhur0vTJ2ZEdNj/rp0/QIpI2VxLItF0TkKBDi21DQDAxxnY0OcO2kMP\nyq00nkRGVdHiAnO3I4kw0/jC0qkEa7yN+M3iinjzBQKBgQC6U0pwd8aiYqrGF85w\n+JRG+bCW/w5xSUzZbqlSkdSBTeHWimgTcRPxGu7Fm3SuR/GkD862FUpdyPFLOnOw\nTZLDivNjuDEREqbVmfVsF05HGauYZtDxtrxoAnrGfIhtYqWq4jyLl2t9Wn7zBifP\nCnP4T9pzLGGISJDwCNSnvkYQuwKBgQC2qhcig/7Elu2iYEkYD7VYwYIaiSbVUyBj\nVHywyI+lrAMV6Gdl2LX6u4363mf9coe4nI70jNSZgBlQCvls+DusuFgnwt0X4Q4S\nNiLREUb9m49Vlk5tOwot4QDqAeQNNytXFFHVEGH7Mi+gtkQBUNmqQaYY2QnpSvgE\n/HoHzrlmNQKBgD/UVrTuo1JvwJb6AtO6pHkoAnHH0HfIp5X5DfJmWMkvGAW6Bmta\nmn1HP7LcTX2C0enlLGg+JOq58sdVr9oeyP9J85UevVhe7l5QTr4Hwd4jkiA0YLHd\nau+qocqrUMVAPQasWBdt+PnJbaHtYufPaekP2gMImiTozxYbwFXynegPAoGAJwu6\nwEUI24sLpu8AEOWitSNAJV318BnBzZnMwZlNo3NegXtZRtsJI1yeH+cUwYeO3XaR\n1FKaS2mnf4WpBZMWZnhNV8p+qlEQSfJKhPg1fZaYEAp+HzlElsQHBv56ehy15fpQ\n98N1vlVe+vKbHNDkhlFcKOmUBcthsucpSqv005UCgYEAh3A1nsWJYw4DcD1JAav4\n3T1Z56+YZ40PjrP/7NCL2BoDSYvD80z/ELcykvgbAlaoHSkXFeF4Nrxb7koc0Ff2\nYgAs3K+wKMUaarEQOziS1DFsRI285snMoPx/PCsD5pbpTJe0UYw8J9RrBn7d2VtS\nfz51iAPCjuQbwJOFpZ8cUz4=\n-----END PRIVATE KEY-----\n","clientEmail":"firebase-adminsdk-qas72@skipteam-social-24fa5.iam.gserviceaccount.com","httpClient":{"retry":{"maxRetries":4,"statusCodes":[503],"ioErrorCodes":["ECONNRESET","ETIMEDOUT"],"backOffFactor":0.5,"maxDelayInMillis":60000}}}} 
[info] ✔  functions[api]: http function initialized (http://localhost:5000/skipteam-social-24fa5/us-east1/api).
[debug] [2020-04-30T04:05:03.730Z] [worker-~diagnostic~-ccfbc446-7ac5-4f31-aabe-fa1f35fa310e]: IDLE 
[debug] [2020-04-30T04:07:45.658Z] [work-queue] {"queueLength":1,"workRunningCount":0}
[debug] [2020-04-30T04:07:45.660Z] [work-queue] {"queueLength":0,"workRunningCount":1}
[debug] [2020-04-30T04:07:45.663Z] Accepted request POST /skipteam-social-24fa5/us-central1/api/signup --> api
[debug] [2020-04-30T04:07:45.674Z] [worker-pool] addWorker(api) 
[debug] [2020-04-30T04:07:45.674Z] [worker-pool] Adding worker with key api, total=1 
[debug] [2020-04-30T04:07:45.674Z] [worker-pool] submitWork(triggerId=api) 
[debug] [2020-04-30T04:07:45.674Z] [worker-api-b27f532b-969b-43a2-a961-16af7174ee5a]: Assigning socketPath: /var/folders/0f/xj4ghgbd4g31kx7rnd3cq9br0000gn/T/fire_emu_41742.sock 
[debug] [2020-04-30T04:07:45.675Z] [worker-api-b27f532b-969b-43a2-a961-16af7174ee5a]: BUSY 
[debug] [2020-04-30T04:07:47.000Z] [runtime-status] [41742] Functions runtime initialized. {"cwd":"/Users/corymarshman/Desktop/SkipTeam_Social/functions","node_version":"12.13.1"} 
[debug] [2020-04-30T04:07:47.002Z] [runtime-status] [41742] Disabled runtime features: undefined 
[debug] [2020-04-30T04:07:47.011Z] [runtime-status] [41742] Resolved module firebase-admin {"declared":true,"installed":true,"version":"8.11.0","resolution":"/Users/corymarshman/Desktop/SkipTeam_Social/functions/node_modules/firebase-admin/lib/index.js"} 
[debug] [2020-04-30T04:07:47.017Z] [runtime-status] [41742] Resolved module firebase-functions {"declared":true,"installed":true,"version":"3.6.1","resolution":"/Users/corymarshman/Desktop/SkipTeam_Social/functions/node_modules/firebase-functions/lib/index.js"} 
[debug] [2020-04-30T04:07:47.019Z] [runtime-status] [41742] Outgoing network have been stubbed. [{"name":"http","status":"mocked"},{"name":"http","status":"mocked"},{"name":"https","status":"mocked"},{"name":"https","status":"mocked"},{"name":"net","status":"mocked"}] 
[debug] [2020-04-30T04:07:47.143Z] [runtime-status] [41742] Checked functions.config() {"config":{}} 
[debug] [2020-04-30T04:07:47.143Z] [runtime-status] [41742] Resolved module firebase-functions {"declared":true,"installed":true,"version":"3.6.1","resolution":"/Users/corymarshman/Desktop/SkipTeam_Social/functions/node_modules/firebase-functions/lib/index.js"} 
[debug] [2020-04-30T04:07:47.144Z] [runtime-status] [41742] Resolved module firebase-admin {"declared":true,"installed":true,"version":"8.11.0","resolution":"/Users/corymarshman/Desktop/SkipTeam_Social/functions/node_modules/firebase-admin/lib/index.js"} 
[debug] [2020-04-30T04:07:47.144Z] [runtime-status] [41742] Resolved module firebase-functions {"declared":true,"installed":true,"version":"3.6.1","resolution":"/Users/corymarshman/Desktop/SkipTeam_Social/functions/node_modules/firebase-functions/lib/index.js"} 
[debug] [2020-04-30T04:07:47.144Z] [runtime-status] [41742] firebase-admin has been stubbed. {"adminResolution":{"declared":true,"installed":true,"version":"8.11.0","resolution":"/Users/corymarshman/Desktop/SkipTeam_Social/functions/node_modules/firebase-admin/lib/index.js"}} 
[debug] [2020-04-30T04:07:47.560Z] [runtime-status] [41742] initializeApp(DEFAULT) {"databaseURL":"https://skipteam-social-24fa5.firebaseio.com","storageBucket":"skipteam-social-24fa5.appspot.com","projectId":"skipteam-social-24fa5","credential":{"implicit":false,"projectId":"skipteam-social-24fa5","privateKey":"-----BEGIN PRIVATE KEY-----\nMIIEvQIBADANBgkqhkiG9w0BAQEFAASCBKcwggSjAgEAAoIBAQCE8wMR/qjL3cOJ\nK2aVFkg2Y+m38/9c3o0Nys+PieevyoI53365OC8rLHWerM3gYAz7p1ZEARI6cz4d\nof9sklto2vDr97nUrHMl9Sr8DdzYPWyWNHP/7E/3mMmOUP/zRWEvZ3utTmUcMCzT\nY/I/xSKDpeJWhQG3UgAFsyrW85euxmK4bQ8hojROKIn4xSEsug9AqQvfXNTobQhr\nQdxEUVXruGqxtKquQZUh5R2smKZX/xUJ8qPHXDlXNMfsvLgDd4A68crxOa0G/fhI\ngRcQvASBnWHLVu2dqZ0ZQEx0MM1ODMxvIiy1NcRWmwcsdYImn/GLAgGrq5zAzNrb\nUb/gTvi3AgMBAAECggEAOl5IYEuaBtsHQD8WK+ka7goib5kHaVnpun7qbl3Aopx5\nXPgitiWVC9Lalr3OKy5wNMHMLVH9Ez1KLY9USPHegOPydt6NLvJBIY6H/x4E8cjR\n1gYUUW0J1K22+6zTGhZBKyM3GKi82knKPEp6bgXZ98tJ2etODBJLoTT+X12Vn+ym\nJhTOPf85BGG827YbABB+3azOz8m1fudAHb+QFW+EtzW/jNRpwW6JnGom1KHTzvmI\nrkk7st44lGhur0vTJ2ZEdNj/rp0/QIpI2VxLItF0TkKBDi21DQDAxxnY0OcO2kMP\nyq00nkRGVdHiAnO3I4kw0/jC0qkEa7yN+M3iinjzBQKBgQC6U0pwd8aiYqrGF85w\n+JRG+bCW/w5xSUzZbqlSkdSBTeHWimgTcRPxGu7Fm3SuR/GkD862FUpdyPFLOnOw\nTZLDivNjuDEREqbVmfVsF05HGauYZtDxtrxoAnrGfIhtYqWq4jyLl2t9Wn7zBifP\nCnP4T9pzLGGISJDwCNSnvkYQuwKBgQC2qhcig/7Elu2iYEkYD7VYwYIaiSbVUyBj\nVHywyI+lrAMV6Gdl2LX6u4363mf9coe4nI70jNSZgBlQCvls+DusuFgnwt0X4Q4S\nNiLREUb9m49Vlk5tOwot4QDqAeQNNytXFFHVEGH7Mi+gtkQBUNmqQaYY2QnpSvgE\n/HoHzrlmNQKBgD/UVrTuo1JvwJb6AtO6pHkoAnHH0HfIp5X5DfJmWMkvGAW6Bmta\nmn1HP7LcTX2C0enlLGg+JOq58sdVr9oeyP9J85UevVhe7l5QTr4Hwd4jkiA0YLHd\nau+qocqrUMVAPQasWBdt+PnJbaHtYufPaekP2gMImiTozxYbwFXynegPAoGAJwu6\nwEUI24sLpu8AEOWitSNAJV318BnBzZnMwZlNo3NegXtZRtsJI1yeH+cUwYeO3XaR\n1FKaS2mnf4WpBZMWZnhNV8p+qlEQSfJKhPg1fZaYEAp+HzlElsQHBv56ehy15fpQ\n98N1vlVe+vKbHNDkhlFcKOmUBcthsucpSqv005UCgYEAh3A1nsWJYw4DcD1JAav4\n3T1Z56+YZ40PjrP/7NCL2BoDSYvD80z/ELcykvgbAlaoHSkXFeF4Nrxb7koc0Ff2\nYgAs3K+wKMUaarEQOziS1DFsRI285snMoPx/PCsD5pbpTJe0UYw8J9RrBn7d2VtS\nfz51iAPCjuQbwJOFpZ8cUz4=\n-----END PRIVATE KEY-----\n","clientEmail":"firebase-adminsdk-qas72@skipteam-social-24fa5.iam.gserviceaccount.com","httpClient":{"retry":{"maxRetries":4,"statusCodes":[503],"ioErrorCodes":["ECONNRESET","ETIMEDOUT"],"backOffFactor":0.5,"maxDelayInMillis":60000}}}} 
[debug] [2020-04-30T04:07:48.169Z] [runtime-status] [41742] Trigger "api" has been found, beginning invocation! 
[info] i  functions: Beginning execution of "api"
[debug] [2020-04-30T04:07:48.170Z] [runtime-status] [41742] triggerDefinition {"regions":["us-east1"],"httpsTrigger":{},"name":"api","entryPoint":"api"} 
[debug] [2020-04-30T04:07:48.171Z] [runtime-status] [41742] Running api in mode HTTPS 
[debug] [2020-04-30T04:07:48.178Z] [runtime-status] [41742] Attempting to listen to socketPath: /var/folders/0f/xj4ghgbd4g31kx7rnd3cq9br0000gn/T/fire_emu_41742.sock 
[debug] [2020-04-30T04:07:48.193Z] [functions] Runtime ready! Sending request! 
[debug] [2020-04-30T04:07:48.285Z] [runtime-status] [41742] Ephemeral server handling POST request 
[debug] [2020-04-30T04:07:48.347Z] [runtime-status] [41742] Ephemeral server survived. 
[info] i  functions: Finished "api" in ~1s
[debug] [2020-04-30T04:07:49.143Z] [worker-api-b27f532b-969b-43a2-a961-16af7174ee5a]: IDLE 
[debug] [2020-04-30T04:07:49.143Z] [work-queue] {"queueLength":0,"workRunningCount":0}
[debug] [2020-04-30T04:23:53.534Z] File /Users/corymarshman/Desktop/SkipTeam_Social/functions/index.js changed, reloading triggers 
[debug] [2020-04-30T04:23:54.560Z] [worker-pool] Shutting down IDLE worker (~diagnostic~) 
[debug] [2020-04-30T04:23:54.562Z] [worker-~diagnostic~-ccfbc446-7ac5-4f31-aabe-fa1f35fa310e]: FINISHING 
[debug] [2020-04-30T04:23:54.569Z] [worker-pool] Shutting down IDLE worker (api) 
[debug] [2020-04-30T04:23:54.569Z] [worker-api-b27f532b-969b-43a2-a961-16af7174ee5a]: FINISHING 
[debug] [2020-04-30T04:23:54.593Z] [worker-pool] addWorker(~diagnostic~) 
[debug] [2020-04-30T04:23:54.594Z] [worker-pool] Adding worker with key ~diagnostic~, total=2 
[debug] [2020-04-30T04:23:54.595Z] [worker-pool] submitWork(triggerId=) 
[debug] [2020-04-30T04:23:54.595Z] [worker-~diagnostic~-8f903ed7-ad4a-45e3-9c55-1e1e010d69b8]: Assigning socketPath: /var/folders/0f/xj4ghgbd4g31kx7rnd3cq9br0000gn/T/fire_emu_41748.sock 
[debug] [2020-04-30T04:23:54.595Z] [worker-~diagnostic~-8f903ed7-ad4a-45e3-9c55-1e1e010d69b8]: BUSY 
[debug] [2020-04-30T04:23:54.600Z] [worker-~diagnostic~-ccfbc446-7ac5-4f31-aabe-fa1f35fa310e]: exited 
[debug] [2020-04-30T04:23:54.600Z] [worker-~diagnostic~-ccfbc446-7ac5-4f31-aabe-fa1f35fa310e]: FINISHED 
[debug] [2020-04-30T04:23:54.601Z] [worker-api-b27f532b-969b-43a2-a961-16af7174ee5a]: exited 
[debug] [2020-04-30T04:23:54.601Z] [worker-api-b27f532b-969b-43a2-a961-16af7174ee5a]: FINISHED 
[debug] [2020-04-30T04:23:55.557Z] [runtime-status] [41748] Functions runtime initialized. {"cwd":"/Users/corymarshman/Desktop/SkipTeam_Social/functions","node_version":"12.13.1"} 
[debug] [2020-04-30T04:23:55.557Z] [runtime-status] [41748] Disabled runtime features: undefined 
[debug] [2020-04-30T04:23:55.563Z] [runtime-status] [41748] Resolved module firebase-admin {"declared":true,"installed":true,"version":"8.11.0","resolution":"/Users/corymarshman/Desktop/SkipTeam_Social/functions/node_modules/firebase-admin/lib/index.js"} 
[debug] [2020-04-30T04:23:55.564Z] [runtime-status] [41748] Resolved module firebase-functions {"declared":true,"installed":true,"version":"3.6.1","resolution":"/Users/corymarshman/Desktop/SkipTeam_Social/functions/node_modules/firebase-functions/lib/index.js"} 
[debug] [2020-04-30T04:23:55.568Z] [runtime-status] [41748] Outgoing network have been stubbed. [{"name":"http","status":"mocked"},{"name":"http","status":"mocked"},{"name":"https","status":"mocked"},{"name":"https","status":"mocked"},{"name":"net","status":"mocked"}] 
[debug] [2020-04-30T04:23:55.659Z] [runtime-status] [41748] Checked functions.config() {"config":{}} 
[debug] [2020-04-30T04:23:55.660Z] [runtime-status] [41748] Resolved module firebase-functions {"declared":true,"installed":true,"version":"3.6.1","resolution":"/Users/corymarshman/Desktop/SkipTeam_Social/functions/node_modules/firebase-functions/lib/index.js"} 
[debug] [2020-04-30T04:23:55.660Z] [runtime-status] [41748] Resolved module firebase-admin {"declared":true,"installed":true,"version":"8.11.0","resolution":"/Users/corymarshman/Desktop/SkipTeam_Social/functions/node_modules/firebase-admin/lib/index.js"} 
[debug] [2020-04-30T04:23:55.661Z] [runtime-status] [41748] Resolved module firebase-functions {"declared":true,"installed":true,"version":"3.6.1","resolution":"/Users/corymarshman/Desktop/SkipTeam_Social/functions/node_modules/firebase-functions/lib/index.js"} 
[debug] [2020-04-30T04:23:55.662Z] [runtime-status] [41748] firebase-admin has been stubbed. {"adminResolution":{"declared":true,"installed":true,"version":"8.11.0","resolution":"/Users/corymarshman/Desktop/SkipTeam_Social/functions/node_modules/firebase-admin/lib/index.js"}} 
[debug] [2020-04-30T04:23:55.999Z] [runtime-status] [41748] initializeApp(DEFAULT) {"databaseURL":"https://skipteam-social-24fa5.firebaseio.com","storageBucket":"skipteam-social-24fa5.appspot.com","projectId":"skipteam-social-24fa5","credential":{"implicit":false,"projectId":"skipteam-social-24fa5","privateKey":"-----BEGIN PRIVATE KEY-----\nMIIEvQIBADANBgkqhkiG9w0BAQEFAASCBKcwggSjAgEAAoIBAQCE8wMR/qjL3cOJ\nK2aVFkg2Y+m38/9c3o0Nys+PieevyoI53365OC8rLHWerM3gYAz7p1ZEARI6cz4d\nof9sklto2vDr97nUrHMl9Sr8DdzYPWyWNHP/7E/3mMmOUP/zRWEvZ3utTmUcMCzT\nY/I/xSKDpeJWhQG3UgAFsyrW85euxmK4bQ8hojROKIn4xSEsug9AqQvfXNTobQhr\nQdxEUVXruGqxtKquQZUh5R2smKZX/xUJ8qPHXDlXNMfsvLgDd4A68crxOa0G/fhI\ngRcQvASBnWHLVu2dqZ0ZQEx0MM1ODMxvIiy1NcRWmwcsdYImn/GLAgGrq5zAzNrb\nUb/gTvi3AgMBAAECggEAOl5IYEuaBtsHQD8WK+ka7goib5kHaVnpun7qbl3Aopx5\nXPgitiWVC9Lalr3OKy5wNMHMLVH9Ez1KLY9USPHegOPydt6NLvJBIY6H/x4E8cjR\n1gYUUW0J1K22+6zTGhZBKyM3GKi82knKPEp6bgXZ98tJ2etODBJLoTT+X12Vn+ym\nJhTOPf85BGG827YbABB+3azOz8m1fudAHb+QFW+EtzW/jNRpwW6JnGom1KHTzvmI\nrkk7st44lGhur0vTJ2ZEdNj/rp0/QIpI2VxLItF0TkKBDi21DQDAxxnY0OcO2kMP\nyq00nkRGVdHiAnO3I4kw0/jC0qkEa7yN+M3iinjzBQKBgQC6U0pwd8aiYqrGF85w\n+JRG+bCW/w5xSUzZbqlSkdSBTeHWimgTcRPxGu7Fm3SuR/GkD862FUpdyPFLOnOw\nTZLDivNjuDEREqbVmfVsF05HGauYZtDxtrxoAnrGfIhtYqWq4jyLl2t9Wn7zBifP\nCnP4T9pzLGGISJDwCNSnvkYQuwKBgQC2qhcig/7Elu2iYEkYD7VYwYIaiSbVUyBj\nVHywyI+lrAMV6Gdl2LX6u4363mf9coe4nI70jNSZgBlQCvls+DusuFgnwt0X4Q4S\nNiLREUb9m49Vlk5tOwot4QDqAeQNNytXFFHVEGH7Mi+gtkQBUNmqQaYY2QnpSvgE\n/HoHzrlmNQKBgD/UVrTuo1JvwJb6AtO6pHkoAnHH0HfIp5X5DfJmWMkvGAW6Bmta\nmn1HP7LcTX2C0enlLGg+JOq58sdVr9oeyP9J85UevVhe7l5QTr4Hwd4jkiA0YLHd\nau+qocqrUMVAPQasWBdt+PnJbaHtYufPaekP2gMImiTozxYbwFXynegPAoGAJwu6\nwEUI24sLpu8AEOWitSNAJV318BnBzZnMwZlNo3NegXtZRtsJI1yeH+cUwYeO3XaR\n1FKaS2mnf4WpBZMWZnhNV8p+qlEQSfJKhPg1fZaYEAp+HzlElsQHBv56ehy15fpQ\n98N1vlVe+vKbHNDkhlFcKOmUBcthsucpSqv005UCgYEAh3A1nsWJYw4DcD1JAav4\n3T1Z56+YZ40PjrP/7NCL2BoDSYvD80z/ELcykvgbAlaoHSkXFeF4Nrxb7koc0Ff2\nYgAs3K+wKMUaarEQOziS1DFsRI285snMoPx/PCsD5pbpTJe0UYw8J9RrBn7d2VtS\nfz51iAPCjuQbwJOFpZ8cUz4=\n-----END PRIVATE KEY-----\n","clientEmail":"firebase-adminsdk-qas72@skipteam-social-24fa5.iam.gserviceaccount.com","httpClient":{"retry":{"maxRetries":4,"statusCodes":[503],"ioErrorCodes":["ECONNRESET","ETIMEDOUT"],"backOffFactor":0.5,"maxDelayInMillis":60000}}}} 
[warn] ⚠  functions: The Cloud Firestore emulator is not running, so calls to Firestore will affect production.
[debug] [2020-04-30T04:23:56.978Z] [worker-~diagnostic~-8f903ed7-ad4a-45e3-9c55-1e1e010d69b8]: IDLE 
